-------------------------------------------------------------------------------
Test set: com.parkinglot.ParkingLotApplicationTest
-------------------------------------------------------------------------------
Tests run: 1, Failures: 0, Errors: 1, Skipped: 0, Time elapsed: 0.012 s <<< FAILURE! - in com.parkinglot.ParkingLotApplicationTest
initializationError  Time elapsed: 0.003 s  <<< ERROR!
java.lang.Exception: No runnable methods

